{
  "numTotalTestSuites": 2,
  "numPassedTestSuites": 0,
  "numFailedTestSuites": 2,
  "numPendingTestSuites": 0,
  "numTotalTests": 9,
  "numPassedTests": 5,
  "numFailedTests": 4,
  "numPendingTests": 0,
  "numTodoTests": 0,
  "snapshot": {
    "added": 0,
    "failure": false,
    "filesAdded": 0,
    "filesRemoved": 0,
    "filesRemovedList": [],
    "filesUnmatched": 0,
    "filesUpdated": 0,
    "matched": 0,
    "total": 0,
    "unchecked": 0,
    "uncheckedKeysByFile": [],
    "unmatched": 0,
    "updated": 0,
    "didUpdate": false
  },
  "startTime": 1741190071347,
  "success": false,
  "testResults": [
    {
      "assertionResults": [
        {
          "ancestorTitles": ["JSON Placeholder posts"],
          "fullName": "JSON Placeholder posts should return a positive result that it is an array",
          "status": "passed",
          "title": "should return a positive result that it is an array",
          "duration": 0.9014170169830322,
          "failureMessages": [],
          "meta": {}
        },
        {
          "ancestorTitles": ["JSON Placeholder posts"],
          "fullName": "JSON Placeholder posts Each item in the array should be an object.",
          "status": "passed",
          "title": "Each item in the array should be an object.",
          "duration": 0.3723330497741699,
          "failureMessages": [],
          "meta": {}
        },
        {
          "ancestorTitles": ["JSON Placeholder posts"],
          "fullName": "JSON Placeholder posts Each item in the Array should be an object, through a for loop.",
          "status": "passed",
          "title": "Each item in the Array should be an object, through a for loop.",
          "duration": 0.04745888710021973,
          "failureMessages": [],
          "meta": {}
        },
        {
          "ancestorTitles": ["JSON Placeholder posts"],
          "fullName": "JSON Placeholder posts any string put through the toTitleCase function should return a Titled Case String.",
          "status": "passed",
          "title": "any string put through the toTitleCase function should return a Titled Case String.",
          "duration": 0.18062496185302734,
          "failureMessages": [],
          "meta": {}
        },
        {
          "ancestorTitles": ["JSON Placeholder posts"],
          "fullName": "JSON Placeholder posts a post title, put through the toTitleCase function, should return a Titled Case String.",
          "status": "passed",
          "title": "a post title, put through the toTitleCase function, should return a Titled Case String.",
          "duration": 0.16295814514160156,
          "failureMessages": [],
          "meta": {}
        },
        {
          "ancestorTitles": ["JSON Placeholder posts"],
          "fullName": "JSON Placeholder posts individual item should not be an array",
          "status": "failed",
          "title": "individual item should not be an array",
          "duration": 6.267959117889404,
          "failureMessages": [
            "AssertionError: We expected the value to NOT be an array, so check what it is: expected [ { userId: 1, id: 1, …(2) }, …(99) ] not to be an array\n    at /Users/frankieshrieves/Documents/Projects/digital-innovator-001/week-05/09-assignment/app.test.js:55:12\n    at file:///Users/frankieshrieves/Documents/Projects/digital-innovator-001/week-05/09-assignment/node_modules/@vitest/runner/dist/index.js:174:14\n    at file:///Users/frankieshrieves/Documents/Projects/digital-innovator-001/week-05/09-assignment/node_modules/@vitest/runner/dist/index.js:558:28\n    at file:///Users/frankieshrieves/Documents/Projects/digital-innovator-001/week-05/09-assignment/node_modules/@vitest/runner/dist/index.js:61:24\n    at new Promise (<anonymous>)\n    at runWithTimeout (file:///Users/frankieshrieves/Documents/Projects/digital-innovator-001/week-05/09-assignment/node_modules/@vitest/runner/dist/index.js:41:12)\n    at runTest (file:///Users/frankieshrieves/Documents/Projects/digital-innovator-001/week-05/09-assignment/node_modules/@vitest/runner/dist/index.js:1137:17)\n    at processTicksAndRejections (node:internal/process/task_queues:95:5)\n    at runSuite (file:///Users/frankieshrieves/Documents/Projects/digital-innovator-001/week-05/09-assignment/node_modules/@vitest/runner/dist/index.js:1291:15)\n    at runSuite (file:///Users/frankieshrieves/Documents/Projects/digital-innovator-001/week-05/09-assignment/node_modules/@vitest/runner/dist/index.js:1291:15)"
          ],
          "meta": {}
        },
        {
          "ancestorTitles": ["JSON Placeholder posts"],
          "fullName": "JSON Placeholder posts checks that each userID, in each item, should be a number",
          "status": "failed",
          "title": "checks that each userID, in each item, should be a number",
          "duration": 1.2546250820159912,
          "failureMessages": [
            "AssertionError: expected { userId: 1, id: 1, …(2) } to strictly equal Any<String>\n    at /Users/frankieshrieves/Documents/Projects/digital-innovator-001/week-05/09-assignment/app.test.js:65:20\n    at Array.forEach (<anonymous>)\n    at /Users/frankieshrieves/Documents/Projects/digital-innovator-001/week-05/09-assignment/app.test.js:64:15\n    at file:///Users/frankieshrieves/Documents/Projects/digital-innovator-001/week-05/09-assignment/node_modules/@vitest/runner/dist/index.js:174:14\n    at file:///Users/frankieshrieves/Documents/Projects/digital-innovator-001/week-05/09-assignment/node_modules/@vitest/runner/dist/index.js:558:28\n    at file:///Users/frankieshrieves/Documents/Projects/digital-innovator-001/week-05/09-assignment/node_modules/@vitest/runner/dist/index.js:61:24\n    at new Promise (<anonymous>)\n    at runWithTimeout (file:///Users/frankieshrieves/Documents/Projects/digital-innovator-001/week-05/09-assignment/node_modules/@vitest/runner/dist/index.js:41:12)\n    at runTest (file:///Users/frankieshrieves/Documents/Projects/digital-innovator-001/week-05/09-assignment/node_modules/@vitest/runner/dist/index.js:1137:17)\n    at processTicksAndRejections (node:internal/process/task_queues:95:5)"
          ],
          "meta": {}
        },
        {
          "ancestorTitles": ["JSON Placeholder posts"],
          "fullName": "JSON Placeholder posts returns the correct username matched from the userID in an array",
          "status": "failed",
          "title": "returns the correct username matched from the userID in an array",
          "duration": 1.3602919578552246,
          "failureMessages": [
            "AssertionError: expected 'Bertie' to be 'Jez' // Object.is equality\n    at /Users/frankieshrieves/Documents/Projects/digital-innovator-001/week-05/09-assignment/app.test.js:73:20\n    at file:///Users/frankieshrieves/Documents/Projects/digital-innovator-001/week-05/09-assignment/node_modules/@vitest/runner/dist/index.js:174:14\n    at file:///Users/frankieshrieves/Documents/Projects/digital-innovator-001/week-05/09-assignment/node_modules/@vitest/runner/dist/index.js:558:28\n    at file:///Users/frankieshrieves/Documents/Projects/digital-innovator-001/week-05/09-assignment/node_modules/@vitest/runner/dist/index.js:61:24\n    at new Promise (<anonymous>)\n    at runWithTimeout (file:///Users/frankieshrieves/Documents/Projects/digital-innovator-001/week-05/09-assignment/node_modules/@vitest/runner/dist/index.js:41:12)\n    at runTest (file:///Users/frankieshrieves/Documents/Projects/digital-innovator-001/week-05/09-assignment/node_modules/@vitest/runner/dist/index.js:1137:17)\n    at processTicksAndRejections (node:internal/process/task_queues:95:5)\n    at runSuite (file:///Users/frankieshrieves/Documents/Projects/digital-innovator-001/week-05/09-assignment/node_modules/@vitest/runner/dist/index.js:1291:15)\n    at runSuite (file:///Users/frankieshrieves/Documents/Projects/digital-innovator-001/week-05/09-assignment/node_modules/@vitest/runner/dist/index.js:1291:15)"
          ],
          "meta": {}
        },
        {
          "ancestorTitles": ["JSON Placeholder posts"],
          "fullName": "JSON Placeholder posts return the correct username matched from the userID in an array",
          "status": "failed",
          "title": "return the correct username matched from the userID in an array",
          "duration": 0.6384999752044678,
          "failureMessages": [
            "TypeError: Cannot read properties of undefined (reading 'userName')\n    at getUserNameByID (/Users/frankieshrieves/Documents/Projects/digital-innovator-001/week-05/09-assignment/app.js:59:16)\n    at /Users/frankieshrieves/Documents/Projects/digital-innovator-001/week-05/09-assignment/app.test.js:77:35\n    at file:///Users/frankieshrieves/Documents/Projects/digital-innovator-001/week-05/09-assignment/node_modules/@vitest/runner/dist/index.js:174:14\n    at file:///Users/frankieshrieves/Documents/Projects/digital-innovator-001/week-05/09-assignment/node_modules/@vitest/runner/dist/index.js:558:28\n    at file:///Users/frankieshrieves/Documents/Projects/digital-innovator-001/week-05/09-assignment/node_modules/@vitest/runner/dist/index.js:61:24\n    at new Promise (<anonymous>)\n    at runWithTimeout (file:///Users/frankieshrieves/Documents/Projects/digital-innovator-001/week-05/09-assignment/node_modules/@vitest/runner/dist/index.js:41:12)\n    at runTest (file:///Users/frankieshrieves/Documents/Projects/digital-innovator-001/week-05/09-assignment/node_modules/@vitest/runner/dist/index.js:1137:17)\n    at processTicksAndRejections (node:internal/process/task_queues:95:5)\n    at runSuite (file:///Users/frankieshrieves/Documents/Projects/digital-innovator-001/week-05/09-assignment/node_modules/@vitest/runner/dist/index.js:1291:15)"
          ],
          "meta": {}
        }
      ],
      "startTime": 1741190071560,
      "endTime": 1741190071571.6384,
      "status": "failed",
      "message": "",
      "name": "/Users/frankieshrieves/Documents/Projects/digital-innovator-001/week-05/09-assignment/app.test.js"
    }
  ]
}
